<?xml version="1.0" encoding="utf-8"?><testsuites name="pytest tests"><testsuite name="pytest" errors="0" failures="1" skipped="0" tests="19" time="2.839" timestamp="2026-02-03T14:35:11.219584+00:00" hostname="agent-env-6bdca736-b4a1-4f4f-bd4d-8998e7aa8852"><testcase classname="backend.tests.test_auth_payments.TestHealthCheck" name="test_api_root" time="0.078" /><testcase classname="backend.tests.test_auth_payments.TestAuthentication" name="test_register_new_user" time="0.052" /><testcase classname="backend.tests.test_auth_payments.TestAuthentication" name="test_register_duplicate_email" time="0.081" /><testcase classname="backend.tests.test_auth_payments.TestAuthentication" name="test_login_success" time="0.079" /><testcase classname="backend.tests.test_auth_payments.TestAuthentication" name="test_login_invalid_credentials" time="0.041" /><testcase classname="backend.tests.test_auth_payments.TestAuthentication" name="test_login_wrong_password" time="0.080" /><testcase classname="backend.tests.test_auth_payments.TestAuthentication" name="test_get_current_user_with_token" time="0.080" /><testcase classname="backend.tests.test_auth_payments.TestAuthentication" name="test_get_current_user_without_token" time="0.039" /><testcase classname="backend.tests.test_auth_payments.TestAuthentication" name="test_get_current_user_invalid_token" time="0.038" /><testcase classname="backend.tests.test_auth_payments.TestPayments" name="test_create_checkout_basic_plan" time="0.570" /><testcase classname="backend.tests.test_auth_payments.TestPayments" name="test_create_checkout_premium_plan" time="0.430" /><testcase classname="backend.tests.test_auth_payments.TestPayments" name="test_create_checkout_invalid_plan" time="0.040" /><testcase classname="backend.tests.test_auth_payments.TestPayments" name="test_get_payment_status" time="0.622" /><testcase classname="backend.tests.test_auth_payments.TestPayments" name="test_get_payment_status_invalid_session" time="0.209"><failure message="assert 520 in [200, 500]&#10; +  where 520 = &lt;Response [520]&gt;.status_code">backend/tests/test_auth_payments.py:259: in test_get_payment_status_invalid_session
    assert response.status_code in [200, 500]
E   assert 520 in [200, 500]
E    +  where 520 = &lt;Response [520]&gt;.status_code</failure></testcase><testcase classname="backend.tests.test_auth_payments.TestPlans" name="test_get_available_plans" time="0.035" /><testcase classname="backend.tests.test_auth_payments.TestPlans" name="test_get_current_plan" time="0.035" /><testcase classname="backend.tests.test_auth_payments.TestPlans" name="test_check_resource_limit" time="0.037" /><testcase classname="backend.tests.test_auth_payments.TestCardsInvoice" name="test_card_invoice_no_transactions" time="0.118" /><testcase classname="backend.tests.test_auth_payments.TestDashboardSummary" name="test_dashboard_summary" time="0.040" /></testsuite></testsuites>